<?xml version="1.0" encoding="UTF-8"?>
<Site BuildName="Win32-MSBuild"
	BuildStamp="20230828-2154-Experimental"
	Name="DESKTOP-H177A5E"
	Generator="ctest-3.23.22060601-MSVC_2"
	CompilerName="C:/Program Files/Microsoft Visual Studio/2022/Community/VC/Tools/MSVC/14.33.31629/bin/Hostx64/x64/cl.exe"
	CompilerVersion="19.33.31630.0"
	OSName="Windows"
	Hostname="DESKTOP-H177A5E"
	OSRelease=" Personal"
	OSVersion=" (Build 22621)"
	OSPlatform="AMD64"
	Is64Bits="1"
	VendorString="GenuineIntel"
	VendorID="Intel Corporation"
	FamilyID="6"
	ModelID="12"
	ProcessorCacheSize="-1"
	NumberOfLogicalCPU="8"
	NumberOfPhysicalCPU="4"
	TotalVirtualMemory="29787"
	TotalPhysicalMemory="15963"
	LogicalProcessorsPerPhysical="2"
	ProcessorClockFrequency="2918"
	>
	<Testing>
		<StartDateTime>Aug 28 14:55 Pacific Daylight Time</StartDateTime>
		<StartTestTime>1693259707</StartTestTime>
		<TestList/>
		<EndDateTime>Aug 28 14:55 Pacific Daylight Time</EndDateTime>
		<EndTestTime>1693259707</EndTestTime>
		<ElapsedMinutes>0</ElapsedMinutes>
	</Testing>
</Site>
